<?xml version="1.0" encoding="UTF-8"?>
<!-- Generated by org.testng.reporters.JUnitReportReporter -->
<testsuite skipped="0" hostname="DESKTOP-KHFDC6F" name="com.demowebshop.testscripts.Register" tests="1" failures="0" timestamp="2020-07-05T23:56:40 IST" time="3.882" errors="0">
  <testcase name="VerifyDemowebShopRegisterWithValidData" time="3.882" classname="com.demowebshop.testscripts.Register"/>
  <system-out/>
</testsuite> <!-- com.demowebshop.testscripts.Register -->
